🚀 Starting USPTO Import with FIXED Status Mapping
====================================================

Database: NEW Supabase (psksupeawsueyqvtwudc)
Files to import: 22 XML files
Status mapping: FIXED ✅
  - Codes 600-699 → abandoned
  - Codes 1-15    → live
  - All others    → pending

⏰ Estimated time: 4-6 hours

📂 Found 27 XML files to import

━━━━━━━━━━━━━━━━━━━━━━━━━━━━━━━━━━━━━━━━━━━━━━━
[1/27] Importing: apc18840407-20241231-01.xml
━━━━━━━━━━━━━━━━━━━━━━━━━━━━━━━━━━━━━━━━━━━━━━━

/Users/kanchanads/Documents/Arcangel/trademark-clearance/db/index.ts:7
  throw new Error('DATABASE_URL is not set');
        ^


Error: DATABASE_URL is not set
    at postgres (/Users/kanchanads/Documents/Arcangel/trademark-clearance/db/index.ts:7:9)
    at Object.<anonymous> (/Users/kanchanads/Documents/Arcangel/trademark-clearance/db/index.ts:19:50)
    at Module._compile (node:internal/modules/cjs/loader:1734:14)
    at Object.transformer (/Users/kanchanads/Documents/Arcangel/trademark-clearance/node_modules/tsx/dist/register-D46fvsV_.cjs:3:1104)
    at Module.load (node:internal/modules/cjs/loader:1469:32)
    at Function._load (node:internal/modules/cjs/loader:1286:12)
    at TracingChannel.traceSync (node:diagnostics_channel:322:14)
    at wrapModuleLoad (node:internal/modules/cjs/loader:235:24)
    at Module.require (node:internal/modules/cjs/loader:1491:12)
    at require (node:internal/modules/helpers:135:16)

Node.js v23.11.0

❌ apc18840407-20241231-01.xml failed to import
⚠️  Continuing with next file...

━━━━━━━━━━━━━━━━━━━━━━━━━━━━━━━━━━━━━━━━━━━━━━━
[2/27] Importing: apc18840407-20241231-03.xml
━━━━━━━━━━━━━━━━━━━━━━━━━━━━━━━━━━━━━━━━━━━━━━━

/Users/kanchanads/Documents/Arcangel/trademark-clearance/db/index.ts:7
  throw new Error('DATABASE_URL is not set');
        ^


Error: DATABASE_URL is not set
    at postgres (/Users/kanchanads/Documents/Arcangel/trademark-clearance/db/index.ts:7:9)
    at Object.<anonymous> (/Users/kanchanads/Documents/Arcangel/trademark-clearance/db/index.ts:19:50)
    at Module._compile (node:internal/modules/cjs/loader:1734:14)
    at Object.transformer (/Users/kanchanads/Documents/Arcangel/trademark-clearance/node_modules/tsx/dist/register-D46fvsV_.cjs:3:1104)
    at Module.load (node:internal/modules/cjs/loader:1469:32)
    at Function._load (node:internal/modules/cjs/loader:1286:12)
    at TracingChannel.traceSync (node:diagnostics_channel:322:14)
    at wrapModuleLoad (node:internal/modules/cjs/loader:235:24)
    at Module.require (node:internal/modules/cjs/loader:1491:12)
    at require (node:internal/modules/helpers:135:16)

Node.js v23.11.0

❌ apc18840407-20241231-03.xml failed to import
⚠️  Continuing with next file...

━━━━━━━━━━━━━━━━━━━━━━━━━━━━━━━━━━━━━━━━━━━━━━━
[3/27] Importing: apc18840407-20241231-05.xml
━━━━━━━━━━━━━━━━━━━━━━━━━━━━━━━━━━━━━━━━━━━━━━━

/Users/kanchanads/Documents/Arcangel/trademark-clearance/db/index.ts:7
  throw new Error('DATABASE_URL is not set');
        ^


Error: DATABASE_URL is not set
    at postgres (/Users/kanchanads/Documents/Arcangel/trademark-clearance/db/index.ts:7:9)
    at Object.<anonymous> (/Users/kanchanads/Documents/Arcangel/trademark-clearance/db/index.ts:19:50)
    at Module._compile (node:internal/modules/cjs/loader:1734:14)
    at Object.transformer (/Users/kanchanads/Documents/Arcangel/trademark-clearance/node_modules/tsx/dist/register-D46fvsV_.cjs:3:1104)
    at Module.load (node:internal/modules/cjs/loader:1469:32)
    at Function._load (node:internal/modules/cjs/loader:1286:12)
    at TracingChannel.traceSync (node:diagnostics_channel:322:14)
    at wrapModuleLoad (node:internal/modules/cjs/loader:235:24)
    at Module.require (node:internal/modules/cjs/loader:1491:12)
    at require (node:internal/modules/helpers:135:16)

Node.js v23.11.0

❌ apc18840407-20241231-05.xml failed to import
⚠️  Continuing with next file...

━━━━━━━━━━━━━━━━━━━━━━━━━━━━━━━━━━━━━━━━━━━━━━━
[4/27] Importing: apc18840407-20241231-09.xml
━━━━━━━━━━━━━━━━━━━━━━━━━━━━━━━━━━━━━━━━━━━━━━━

/Users/kanchanads/Documents/Arcangel/trademark-clearance/db/index.ts:7
  throw new Error('DATABASE_URL is not set');
        ^


Error: DATABASE_URL is not set
    at postgres (/Users/kanchanads/Documents/Arcangel/trademark-clearance/db/index.ts:7:9)
    at Object.<anonymous> (/Users/kanchanads/Documents/Arcangel/trademark-clearance/db/index.ts:19:50)
    at Module._compile (node:internal/modules/cjs/loader:1734:14)
    at Object.transformer (/Users/kanchanads/Documents/Arcangel/trademark-clearance/node_modules/tsx/dist/register-D46fvsV_.cjs:3:1104)
    at Module.load (node:internal/modules/cjs/loader:1469:32)
    at Function._load (node:internal/modules/cjs/loader:1286:12)
    at TracingChannel.traceSync (node:diagnostics_channel:322:14)
    at wrapModuleLoad (node:internal/modules/cjs/loader:235:24)
    at Module.require (node:internal/modules/cjs/loader:1491:12)
    at require (node:internal/modules/helpers:135:16)

Node.js v23.11.0

❌ apc18840407-20241231-09.xml failed to import
⚠️  Continuing with next file...

━━━━━━━━━━━━━━━━━━━━━━━━━━━━━━━━━━━━━━━━━━━━━━━
[5/27] Importing: apc18840407-20241231-62.xml
━━━━━━━━━━━━━━━━━━━━━━━━━━━━━━━━━━━━━━━━━━━━━━━

/Users/kanchanads/Documents/Arcangel/trademark-clearance/db/index.ts:7
  throw new Error('DATABASE_URL is not set');
        ^


Error: DATABASE_URL is not set
    at postgres (/Users/kanchanads/Documents/Arcangel/trademark-clearance/db/index.ts:7:9)
    at Object.<anonymous> (/Users/kanchanads/Documents/Arcangel/trademark-clearance/db/index.ts:19:50)
    at Module._compile (node:internal/modules/cjs/loader:1734:14)
    at Object.transformer (/Users/kanchanads/Documents/Arcangel/trademark-clearance/node_modules/tsx/dist/register-D46fvsV_.cjs:3:1104)
    at Module.load (node:internal/modules/cjs/loader:1469:32)
    at Function._load (node:internal/modules/cjs/loader:1286:12)
    at TracingChannel.traceSync (node:diagnostics_channel:322:14)
    at wrapModuleLoad (node:internal/modules/cjs/loader:235:24)
    at Module.require (node:internal/modules/cjs/loader:1491:12)
    at require (node:internal/modules/helpers:135:16)

Node.js v23.11.0

❌ apc18840407-20241231-62.xml failed to import
⚠️  Continuing with next file...

━━━━━━━━━━━━━━━━━━━━━━━━━━━━━━━━━━━━━━━━━━━━━━━
[6/27] Importing: apc18840407-20241231-69.xml
━━━━━━━━━━━━━━━━━━━━━━━━━━━━━━━━━━━━━━━━━━━━━━━

/Users/kanchanads/Documents/Arcangel/trademark-clearance/db/index.ts:7
  throw new Error('DATABASE_URL is not set');
        ^


Error: DATABASE_URL is not set
    at postgres (/Users/kanchanads/Documents/Arcangel/trademark-clearance/db/index.ts:7:9)
    at Object.<anonymous> (/Users/kanchanads/Documents/Arcangel/trademark-clearance/db/index.ts:19:50)
    at Module._compile (node:internal/modules/cjs/loader:1734:14)
    at Object.transformer (/Users/kanchanads/Documents/Arcangel/trademark-clearance/node_modules/tsx/dist/register-D46fvsV_.cjs:3:1104)
    at Module.load (node:internal/modules/cjs/loader:1469:32)
    at Function._load (node:internal/modules/cjs/loader:1286:12)
    at TracingChannel.traceSync (node:diagnostics_channel:322:14)
    at wrapModuleLoad (node:internal/modules/cjs/loader:235:24)
    at Module.require (node:internal/modules/cjs/loader:1491:12)
    at require (node:internal/modules/helpers:135:16)

Node.js v23.11.0

❌ apc18840407-20241231-69.xml failed to import
⚠️  Continuing with next file...

━━━━━━━━━━━━━━━━━━━━━━━━━━━━━━━━━━━━━━━━━━━━━━━
[7/27] Importing: apc18840407-20241231-72.xml
━━━━━━━━━━━━━━━━━━━━━━━━━━━━━━━━━━━━━━━━━━━━━━━

/Users/kanchanads/Documents/Arcangel/trademark-clearance/db/index.ts:7
  throw new Error('DATABASE_URL is not set');
        ^


Error: DATABASE_URL is not set
    at postgres (/Users/kanchanads/Documents/Arcangel/trademark-clearance/db/index.ts:7:9)
    at Object.<anonymous> (/Users/kanchanads/Documents/Arcangel/trademark-clearance/db/index.ts:19:50)
    at Module._compile (node:internal/modules/cjs/loader:1734:14)
    at Object.transformer (/Users/kanchanads/Documents/Arcangel/trademark-clearance/node_modules/tsx/dist/register-D46fvsV_.cjs:3:1104)
    at Module.load (node:internal/modules/cjs/loader:1469:32)
    at Function._load (node:internal/modules/cjs/loader:1286:12)
    at TracingChannel.traceSync (node:diagnostics_channel:322:14)
    at wrapModuleLoad (node:internal/modules/cjs/loader:235:24)
    at Module.require (node:internal/modules/cjs/loader:1491:12)
    at require (node:internal/modules/helpers:135:16)

Node.js v23.11.0

❌ apc18840407-20241231-72.xml failed to import
⚠️  Continuing with next file...

━━━━━━━━━━━━━━━━━━━━━━━━━━━━━━━━━━━━━━━━━━━━━━━
[8/27] Importing: apc18840407-20241231-73.xml
━━━━━━━━━━━━━━━━━━━━━━━━━━━━━━━━━━━━━━━━━━━━━━━

/Users/kanchanads/Documents/Arcangel/trademark-clearance/db/index.ts:7
  throw new Error('DATABASE_URL is not set');
        ^


Error: DATABASE_URL is not set
    at postgres (/Users/kanchanads/Documents/Arcangel/trademark-clearance/db/index.ts:7:9)
    at Object.<anonymous> (/Users/kanchanads/Documents/Arcangel/trademark-clearance/db/index.ts:19:50)
    at Module._compile (node:internal/modules/cjs/loader:1734:14)
    at Object.transformer (/Users/kanchanads/Documents/Arcangel/trademark-clearance/node_modules/tsx/dist/register-D46fvsV_.cjs:3:1104)
    at Module.load (node:internal/modules/cjs/loader:1469:32)
    at Function._load (node:internal/modules/cjs/loader:1286:12)
    at TracingChannel.traceSync (node:diagnostics_channel:322:14)
    at wrapModuleLoad (node:internal/modules/cjs/loader:235:24)
    at Module.require (node:internal/modules/cjs/loader:1491:12)
    at require (node:internal/modules/helpers:135:16)

Node.js v23.11.0

❌ apc18840407-20241231-73.xml failed to import
⚠️  Continuing with next file...

━━━━━━━━━━━━━━━━━━━━━━━━━━━━━━━━━━━━━━━━━━━━━━━
[9/27] Importing: apc18840407-20241231-75
━━━━━━━━━━━━━━━━━━━━━━━━━━━━━━━━━━━━━━━━━━━━━━━

/Users/kanchanads/Documents/Arcangel/trademark-clearance/db/index.ts:7
  throw new Error('DATABASE_URL is not set');
        ^


Error: DATABASE_URL is not set
    at postgres (/Users/kanchanads/Documents/Arcangel/trademark-clearance/db/index.ts:7:9)
    at Object.<anonymous> (/Users/kanchanads/Documents/Arcangel/trademark-clearance/db/index.ts:19:50)
    at Module._compile (node:internal/modules/cjs/loader:1734:14)
    at Object.transformer (/Users/kanchanads/Documents/Arcangel/trademark-clearance/node_modules/tsx/dist/register-D46fvsV_.cjs:3:1104)
    at Module.load (node:internal/modules/cjs/loader:1469:32)
    at Function._load (node:internal/modules/cjs/loader:1286:12)
    at TracingChannel.traceSync (node:diagnostics_channel:322:14)
    at wrapModuleLoad (node:internal/modules/cjs/loader:235:24)
    at Module.require (node:internal/modules/cjs/loader:1491:12)
    at require (node:internal/modules/helpers:135:16)

Node.js v23.11.0

❌ apc18840407-20241231-75 failed to import
⚠️  Continuing with next file...

━━━━━━━━━━━━━━━━━━━━━━━━━━━━━━━━━━━━━━━━━━━━━━━
[10/27] Importing: 2.xml
━━━━━━━━━━━━━━━━━━━━━━━━━━━━━━━━━━━━━━━━━━━━━━━

/Users/kanchanads/Documents/Arcangel/trademark-clearance/db/index.ts:7
  throw new Error('DATABASE_URL is not set');
        ^


Error: DATABASE_URL is not set
    at postgres (/Users/kanchanads/Documents/Arcangel/trademark-clearance/db/index.ts:7:9)
    at Object.<anonymous> (/Users/kanchanads/Documents/Arcangel/trademark-clearance/db/index.ts:19:50)
    at Module._compile (node:internal/modules/cjs/loader:1734:14)
    at Object.transformer (/Users/kanchanads/Documents/Arcangel/trademark-clearance/node_modules/tsx/dist/register-D46fvsV_.cjs:3:1104)
    at Module.load (node:internal/modules/cjs/loader:1469:32)
    at Function._load (node:internal/modules/cjs/loader:1286:12)
    at TracingChannel.traceSync (node:diagnostics_channel:322:14)
    at wrapModuleLoad (node:internal/modules/cjs/loader:235:24)
    at Module.require (node:internal/modules/cjs/loader:1491:12)
    at require (node:internal/modules/helpers:135:16)

Node.js v23.11.0

❌ 2.xml failed to import
⚠️  Continuing with next file...

━━━━━━━━━━━━━━━━━━━━━━━━━━━━━━━━━━━━━━━━━━━━━━━
[11/27] Importing: apc18840407-20241231-75.xml
━━━━━━━━━━━━━━━━━━━━━━━━━━━━━━━━━━━━━━━━━━━━━━━

/Users/kanchanads/Documents/Arcangel/trademark-clearance/db/index.ts:7
  throw new Error('DATABASE_URL is not set');
        ^


Error: DATABASE_URL is not set
    at postgres (/Users/kanchanads/Documents/Arcangel/trademark-clearance/db/index.ts:7:9)
    at Object.<anonymous> (/Users/kanchanads/Documents/Arcangel/trademark-clearance/db/index.ts:19:50)
    at Module._compile (node:internal/modules/cjs/loader:1734:14)
    at Object.transformer (/Users/kanchanads/Documents/Arcangel/trademark-clearance/node_modules/tsx/dist/register-D46fvsV_.cjs:3:1104)
    at Module.load (node:internal/modules/cjs/loader:1469:32)
    at Function._load (node:internal/modules/cjs/loader:1286:12)
    at TracingChannel.traceSync (node:diagnostics_channel:322:14)
    at wrapModuleLoad (node:internal/modules/cjs/loader:235:24)
    at Module.require (node:internal/modules/cjs/loader:1491:12)
    at require (node:internal/modules/helpers:135:16)

Node.js v23.11.0

❌ apc18840407-20241231-75.xml failed to import
⚠️  Continuing with next file...

━━━━━━━━━━━━━━━━━━━━━━━━━━━━━━━━━━━━━━━━━━━━━━━
[12/27] Importing: apc18840407-20241231-77
━━━━━━━━━━━━━━━━━━━━━━━━━━━━━━━━━━━━━━━━━━━━━━━

/Users/kanchanads/Documents/Arcangel/trademark-clearance/db/index.ts:7
  throw new Error('DATABASE_URL is not set');
        ^


Error: DATABASE_URL is not set
    at postgres (/Users/kanchanads/Documents/Arcangel/trademark-clearance/db/index.ts:7:9)
    at Object.<anonymous> (/Users/kanchanads/Documents/Arcangel/trademark-clearance/db/index.ts:19:50)
    at Module._compile (node:internal/modules/cjs/loader:1734:14)
    at Object.transformer (/Users/kanchanads/Documents/Arcangel/trademark-clearance/node_modules/tsx/dist/register-D46fvsV_.cjs:3:1104)
    at Module.load (node:internal/modules/cjs/loader:1469:32)
    at Function._load (node:internal/modules/cjs/loader:1286:12)
    at TracingChannel.traceSync (node:diagnostics_channel:322:14)
    at wrapModuleLoad (node:internal/modules/cjs/loader:235:24)
    at Module.require (node:internal/modules/cjs/loader:1491:12)
    at require (node:internal/modules/helpers:135:16)

Node.js v23.11.0

❌ apc18840407-20241231-77 failed to import
⚠️  Continuing with next file...

━━━━━━━━━━━━━━━━━━━━━━━━━━━━━━━━━━━━━━━━━━━━━━━
[13/27] Importing: 2.xml
━━━━━━━━━━━━━━━━━━━━━━━━━━━━━━━━━━━━━━━━━━━━━━━

/Users/kanchanads/Documents/Arcangel/trademark-clearance/db/index.ts:7
  throw new Error('DATABASE_URL is not set');
        ^


Error: DATABASE_URL is not set
    at postgres (/Users/kanchanads/Documents/Arcangel/trademark-clearance/db/index.ts:7:9)
    at Object.<anonymous> (/Users/kanchanads/Documents/Arcangel/trademark-clearance/db/index.ts:19:50)
    at Module._compile (node:internal/modules/cjs/loader:1734:14)
    at Object.transformer (/Users/kanchanads/Documents/Arcangel/trademark-clearance/node_modules/tsx/dist/register-D46fvsV_.cjs:3:1104)
    at Module.load (node:internal/modules/cjs/loader:1469:32)
    at Function._load (node:internal/modules/cjs/loader:1286:12)
    at TracingChannel.traceSync (node:diagnostics_channel:322:14)
    at wrapModuleLoad (node:internal/modules/cjs/loader:235:24)
    at Module.require (node:internal/modules/cjs/loader:1491:12)
    at require (node:internal/modules/helpers:135:16)

Node.js v23.11.0

❌ 2.xml failed to import
⚠️  Continuing with next file...

━━━━━━━━━━━━━━━━━━━━━━━━━━━━━━━━━━━━━━━━━━━━━━━
[14/27] Importing: apc18840407-20241231-77.xml
━━━━━━━━━━━━━━━━━━━━━━━━━━━━━━━━━━━━━━━━━━━━━━━

/Users/kanchanads/Documents/Arcangel/trademark-clearance/db/index.ts:7
  throw new Error('DATABASE_URL is not set');
        ^


Error: DATABASE_URL is not set
    at postgres (/Users/kanchanads/Documents/Arcangel/trademark-clearance/db/index.ts:7:9)
    at Object.<anonymous> (/Users/kanchanads/Documents/Arcangel/trademark-clearance/db/index.ts:19:50)
    at Module._compile (node:internal/modules/cjs/loader:1734:14)
    at Object.transformer (/Users/kanchanads/Documents/Arcangel/trademark-clearance/node_modules/tsx/dist/register-D46fvsV_.cjs:3:1104)
    at Module.load (node:internal/modules/cjs/loader:1469:32)
    at Function._load (node:internal/modules/cjs/loader:1286:12)
    at TracingChannel.traceSync (node:diagnostics_channel:322:14)
    at wrapModuleLoad (node:internal/modules/cjs/loader:235:24)
    at Module.require (node:internal/modules/cjs/loader:1491:12)
    at require (node:internal/modules/helpers:135:16)

Node.js v23.11.0

❌ apc18840407-20241231-77.xml failed to import
⚠️  Continuing with next file...

━━━━━━━━━━━━━━━━━━━━━━━━━━━━━━━━━━━━━━━━━━━━━━━
[15/27] Importing: apc18840407-20241231-78.xml
━━━━━━━━━━━━━━━━━━━━━━━━━━━━━━━━━━━━━━━━━━━━━━━

/Users/kanchanads/Documents/Arcangel/trademark-clearance/db/index.ts:7
  throw new Error('DATABASE_URL is not set');
        ^


Error: DATABASE_URL is not set
    at postgres (/Users/kanchanads/Documents/Arcangel/trademark-clearance/db/index.ts:7:9)
    at Object.<anonymous> (/Users/kanchanads/Documents/Arcangel/trademark-clearance/db/index.ts:19:50)
    at Module._compile (node:internal/modules/cjs/loader:1734:14)
    at Object.transformer (/Users/kanchanads/Documents/Arcangel/trademark-clearance/node_modules/tsx/dist/register-D46fvsV_.cjs:3:1104)
    at Module.load (node:internal/modules/cjs/loader:1469:32)
    at Function._load (node:internal/modules/cjs/loader:1286:12)
    at TracingChannel.traceSync (node:diagnostics_channel:322:14)
    at wrapModuleLoad (node:internal/modules/cjs/loader:235:24)
    at Module.require (node:internal/modules/cjs/loader:1491:12)
    at require (node:internal/modules/helpers:135:16)

Node.js v23.11.0

❌ apc18840407-20241231-78.xml failed to import
⚠️  Continuing with next file...

━━━━━━━━━━━━━━━━━━━━━━━━━━━━━━━━━━━━━━━━━━━━━━━
[16/27] Importing: apc18840407-20241231-79
━━━━━━━━━━━━━━━━━━━━━━━━━━━━━━━━━━━━━━━━━━━━━━━

/Users/kanchanads/Documents/Arcangel/trademark-clearance/db/index.ts:7
  throw new Error('DATABASE_URL is not set');
        ^


Error: DATABASE_URL is not set
    at postgres (/Users/kanchanads/Documents/Arcangel/trademark-clearance/db/index.ts:7:9)
    at Object.<anonymous> (/Users/kanchanads/Documents/Arcangel/trademark-clearance/db/index.ts:19:50)
    at Module._compile (node:internal/modules/cjs/loader:1734:14)
    at Object.transformer (/Users/kanchanads/Documents/Arcangel/trademark-clearance/node_modules/tsx/dist/register-D46fvsV_.cjs:3:1104)
    at Module.load (node:internal/modules/cjs/loader:1469:32)
    at Function._load (node:internal/modules/cjs/loader:1286:12)
    at TracingChannel.traceSync (node:diagnostics_channel:322:14)
    at wrapModuleLoad (node:internal/modules/cjs/loader:235:24)
    at Module.require (node:internal/modules/cjs/loader:1491:12)
    at require (node:internal/modules/helpers:135:16)

Node.js v23.11.0

❌ apc18840407-20241231-79 failed to import
⚠️  Continuing with next file...

━━━━━━━━━━━━━━━━━━━━━━━━━━━━━━━━━━━━━━━━━━━━━━━
[17/27] Importing: 2.xml
━━━━━━━━━━━━━━━━━━━━━━━━━━━━━━━━━━━━━━━━━━━━━━━

/Users/kanchanads/Documents/Arcangel/trademark-clearance/db/index.ts:7
  throw new Error('DATABASE_URL is not set');
        ^


Error: DATABASE_URL is not set
    at postgres (/Users/kanchanads/Documents/Arcangel/trademark-clearance/db/index.ts:7:9)
    at Object.<anonymous> (/Users/kanchanads/Documents/Arcangel/trademark-clearance/db/index.ts:19:50)
    at Module._compile (node:internal/modules/cjs/loader:1734:14)
    at Object.transformer (/Users/kanchanads/Documents/Arcangel/trademark-clearance/node_modules/tsx/dist/register-D46fvsV_.cjs:3:1104)
    at Module.load (node:internal/modules/cjs/loader:1469:32)
    at Function._load (node:internal/modules/cjs/loader:1286:12)
    at TracingChannel.traceSync (node:diagnostics_channel:322:14)
    at wrapModuleLoad (node:internal/modules/cjs/loader:235:24)
    at Module.require (node:internal/modules/cjs/loader:1491:12)
    at require (node:internal/modules/helpers:135:16)

Node.js v23.11.0

❌ 2.xml failed to import
⚠️  Continuing with next file...

━━━━━━━━━━━━━━━━━━━━━━━━━━━━━━━━━━━━━━━━━━━━━━━
[18/27] Importing: apc18840407-20241231-79.xml
━━━━━━━━━━━━━━━━━━━━━━━━━━━━━━━━━━━━━━━━━━━━━━━

/Users/kanchanads/Documents/Arcangel/trademark-clearance/db/index.ts:7
  throw new Error('DATABASE_URL is not set');
        ^


Error: DATABASE_URL is not set
    at postgres (/Users/kanchanads/Documents/Arcangel/trademark-clearance/db/index.ts:7:9)
    at Object.<anonymous> (/Users/kanchanads/Documents/Arcangel/trademark-clearance/db/index.ts:19:50)
    at Module._compile (node:internal/modules/cjs/loader:1734:14)
    at Object.transformer (/Users/kanchanads/Documents/Arcangel/trademark-clearance/node_modules/tsx/dist/register-D46fvsV_.cjs:3:1104)
    at Module.load (node:internal/modules/cjs/loader:1469:32)
    at Function._load (node:internal/modules/cjs/loader:1286:12)
    at TracingChannel.traceSync (node:diagnostics_channel:322:14)
    at wrapModuleLoad (node:internal/modules/cjs/loader:235:24)
    at Module.require (node:internal/modules/cjs/loader:1491:12)
    at require (node:internal/modules/helpers:135:16)

Node.js v23.11.0

❌ apc18840407-20241231-79.xml failed to import
⚠️  Continuing with next file...

━━━━━━━━━━━━━━━━━━━━━━━━━━━━━━━━━━━━━━━━━━━━━━━
[19/27] Importing: apc18840407-20241231-81.xml
━━━━━━━━━━━━━━━━━━━━━━━━━━━━━━━━━━━━━━━━━━━━━━━

/Users/kanchanads/Documents/Arcangel/trademark-clearance/db/index.ts:7
  throw new Error('DATABASE_URL is not set');
        ^


Error: DATABASE_URL is not set
    at postgres (/Users/kanchanads/Documents/Arcangel/trademark-clearance/db/index.ts:7:9)
    at Object.<anonymous> (/Users/kanchanads/Documents/Arcangel/trademark-clearance/db/index.ts:19:50)
    at Module._compile (node:internal/modules/cjs/loader:1734:14)
    at Object.transformer (/Users/kanchanads/Documents/Arcangel/trademark-clearance/node_modules/tsx/dist/register-D46fvsV_.cjs:3:1104)
    at Module.load (node:internal/modules/cjs/loader:1469:32)
    at Function._load (node:internal/modules/cjs/loader:1286:12)
    at TracingChannel.traceSync (node:diagnostics_channel:322:14)
    at wrapModuleLoad (node:internal/modules/cjs/loader:235:24)
    at Module.require (node:internal/modules/cjs/loader:1491:12)
    at require (node:internal/modules/helpers:135:16)

Node.js v23.11.0

❌ apc18840407-20241231-81.xml failed to import
⚠️  Continuing with next file...

━━━━━━━━━━━━━━━━━━━━━━━━━━━━━━━━━━━━━━━━━━━━━━━
[20/27] Importing: apc18840407-20241231-82.xml
━━━━━━━━━━━━━━━━━━━━━━━━━━━━━━━━━━━━━━━━━━━━━━━

/Users/kanchanads/Documents/Arcangel/trademark-clearance/db/index.ts:7
  throw new Error('DATABASE_URL is not set');
        ^


Error: DATABASE_URL is not set
    at postgres (/Users/kanchanads/Documents/Arcangel/trademark-clearance/db/index.ts:7:9)
    at Object.<anonymous> (/Users/kanchanads/Documents/Arcangel/trademark-clearance/db/index.ts:19:50)
    at Module._compile (node:internal/modules/cjs/loader:1734:14)
    at Object.transformer (/Users/kanchanads/Documents/Arcangel/trademark-clearance/node_modules/tsx/dist/register-D46fvsV_.cjs:3:1104)
    at Module.load (node:internal/modules/cjs/loader:1469:32)
    at Function._load (node:internal/modules/cjs/loader:1286:12)
    at TracingChannel.traceSync (node:diagnostics_channel:322:14)
    at wrapModuleLoad (node:internal/modules/cjs/loader:235:24)
    at Module.require (node:internal/modules/cjs/loader:1491:12)
    at require (node:internal/modules/helpers:135:16)

Node.js v23.11.0

❌ apc18840407-20241231-82.xml failed to import
⚠️  Continuing with next file...

━━━━━━━━━━━━━━━━━━━━━━━━━━━━━━━━━━━━━━━━━━━━━━━
[21/27] Importing: apc18840407-20241231-83.xml
━━━━━━━━━━━━━━━━━━━━━━━━━━━━━━━━━━━━━━━━━━━━━━━

/Users/kanchanads/Documents/Arcangel/trademark-clearance/db/index.ts:7
  throw new Error('DATABASE_URL is not set');
        ^


Error: DATABASE_URL is not set
    at postgres (/Users/kanchanads/Documents/Arcangel/trademark-clearance/db/index.ts:7:9)
    at Object.<anonymous> (/Users/kanchanads/Documents/Arcangel/trademark-clearance/db/index.ts:19:50)
    at Module._compile (node:internal/modules/cjs/loader:1734:14)
    at Object.transformer (/Users/kanchanads/Documents/Arcangel/trademark-clearance/node_modules/tsx/dist/register-D46fvsV_.cjs:3:1104)
    at Module.load (node:internal/modules/cjs/loader:1469:32)
    at Function._load (node:internal/modules/cjs/loader:1286:12)
    at TracingChannel.traceSync (node:diagnostics_channel:322:14)
    at wrapModuleLoad (node:internal/modules/cjs/loader:235:24)
    at Module.require (node:internal/modules/cjs/loader:1491:12)
    at require (node:internal/modules/helpers:135:16)

Node.js v23.11.0

❌ apc18840407-20241231-83.xml failed to import
⚠️  Continuing with next file...

━━━━━━━━━━━━━━━━━━━━━━━━━━━━━━━━━━━━━━━━━━━━━━━
[22/27] Importing: apc18840407-20241231-84
━━━━━━━━━━━━━━━━━━━━━━━━━━━━━━━━━━━━━━━━━━━━━━━

/Users/kanchanads/Documents/Arcangel/trademark-clearance/db/index.ts:7
  throw new Error('DATABASE_URL is not set');
        ^


Error: DATABASE_URL is not set
    at postgres (/Users/kanchanads/Documents/Arcangel/trademark-clearance/db/index.ts:7:9)
    at Object.<anonymous> (/Users/kanchanads/Documents/Arcangel/trademark-clearance/db/index.ts:19:50)
    at Module._compile (node:internal/modules/cjs/loader:1734:14)
    at Object.transformer (/Users/kanchanads/Documents/Arcangel/trademark-clearance/node_modules/tsx/dist/register-D46fvsV_.cjs:3:1104)
    at Module.load (node:internal/modules/cjs/loader:1469:32)
    at Function._load (node:internal/modules/cjs/loader:1286:12)
    at TracingChannel.traceSync (node:diagnostics_channel:322:14)
    at wrapModuleLoad (node:internal/modules/cjs/loader:235:24)
    at Module.require (node:internal/modules/cjs/loader:1491:12)
    at require (node:internal/modules/helpers:135:16)

Node.js v23.11.0

❌ apc18840407-20241231-84 failed to import
⚠️  Continuing with next file...

━━━━━━━━━━━━━━━━━━━━━━━━━━━━━━━━━━━━━━━━━━━━━━━
[23/27] Importing: 2.xml
━━━━━━━━━━━━━━━━━━━━━━━━━━━━━━━━━━━━━━━━━━━━━━━

/Users/kanchanads/Documents/Arcangel/trademark-clearance/db/index.ts:7
  throw new Error('DATABASE_URL is not set');
        ^


Error: DATABASE_URL is not set
    at postgres (/Users/kanchanads/Documents/Arcangel/trademark-clearance/db/index.ts:7:9)
    at Object.<anonymous> (/Users/kanchanads/Documents/Arcangel/trademark-clearance/db/index.ts:19:50)
    at Module._compile (node:internal/modules/cjs/loader:1734:14)
    at Object.transformer (/Users/kanchanads/Documents/Arcangel/trademark-clearance/node_modules/tsx/dist/register-D46fvsV_.cjs:3:1104)
    at Module.load (node:internal/modules/cjs/loader:1469:32)
    at Function._load (node:internal/modules/cjs/loader:1286:12)
    at TracingChannel.traceSync (node:diagnostics_channel:322:14)
    at wrapModuleLoad (node:internal/modules/cjs/loader:235:24)
    at Module.require (node:internal/modules/cjs/loader:1491:12)
    at require (node:internal/modules/helpers:135:16)

Node.js v23.11.0

❌ 2.xml failed to import
⚠️  Continuing with next file...

━━━━━━━━━━━━━━━━━━━━━━━━━━━━━━━━━━━━━━━━━━━━━━━
[24/27] Importing: apc18840407-20241231-84.xml
━━━━━━━━━━━━━━━━━━━━━━━━━━━━━━━━━━━━━━━━━━━━━━━

/Users/kanchanads/Documents/Arcangel/trademark-clearance/db/index.ts:7
  throw new Error('DATABASE_URL is not set');
        ^


Error: DATABASE_URL is not set
    at postgres (/Users/kanchanads/Documents/Arcangel/trademark-clearance/db/index.ts:7:9)
    at Object.<anonymous> (/Users/kanchanads/Documents/Arcangel/trademark-clearance/db/index.ts:19:50)
    at Module._compile (node:internal/modules/cjs/loader:1734:14)
    at Object.transformer (/Users/kanchanads/Documents/Arcangel/trademark-clearance/node_modules/tsx/dist/register-D46fvsV_.cjs:3:1104)
    at Module.load (node:internal/modules/cjs/loader:1469:32)
    at Function._load (node:internal/modules/cjs/loader:1286:12)
    at TracingChannel.traceSync (node:diagnostics_channel:322:14)
    at wrapModuleLoad (node:internal/modules/cjs/loader:235:24)
    at Module.require (node:internal/modules/cjs/loader:1491:12)
    at require (node:internal/modules/helpers:135:16)

Node.js v23.11.0

❌ apc18840407-20241231-84.xml failed to import
⚠️  Continuing with next file...

━━━━━━━━━━━━━━━━━━━━━━━━━━━━━━━━━━━━━━━━━━━━━━━
[25/27] Importing: apc18840407-20241231-86
━━━━━━━━━━━━━━━━━━━━━━━━━━━━━━━━━━━━━━━━━━━━━━━

/Users/kanchanads/Documents/Arcangel/trademark-clearance/db/index.ts:7
  throw new Error('DATABASE_URL is not set');
        ^


Error: DATABASE_URL is not set
    at postgres (/Users/kanchanads/Documents/Arcangel/trademark-clearance/db/index.ts:7:9)
    at Object.<anonymous> (/Users/kanchanads/Documents/Arcangel/trademark-clearance/db/index.ts:19:50)
    at Module._compile (node:internal/modules/cjs/loader:1734:14)
    at Object.transformer (/Users/kanchanads/Documents/Arcangel/trademark-clearance/node_modules/tsx/dist/register-D46fvsV_.cjs:3:1104)
    at Module.load (node:internal/modules/cjs/loader:1469:32)
    at Function._load (node:internal/modules/cjs/loader:1286:12)
    at TracingChannel.traceSync (node:diagnostics_channel:322:14)
    at wrapModuleLoad (node:internal/modules/cjs/loader:235:24)
    at Module.require (node:internal/modules/cjs/loader:1491:12)
    at require (node:internal/modules/helpers:135:16)

Node.js v23.11.0

❌ apc18840407-20241231-86 failed to import
⚠️  Continuing with next file...

━━━━━━━━━━━━━━━━━━━━━━━━━━━━━━━━━━━━━━━━━━━━━━━
[26/27] Importing: 2.xml
━━━━━━━━━━━━━━━━━━━━━━━━━━━━━━━━━━━━━━━━━━━━━━━

/Users/kanchanads/Documents/Arcangel/trademark-clearance/db/index.ts:7
  throw new Error('DATABASE_URL is not set');
        ^


Error: DATABASE_URL is not set
    at postgres (/Users/kanchanads/Documents/Arcangel/trademark-clearance/db/index.ts:7:9)
    at Object.<anonymous> (/Users/kanchanads/Documents/Arcangel/trademark-clearance/db/index.ts:19:50)
    at Module._compile (node:internal/modules/cjs/loader:1734:14)
    at Object.transformer (/Users/kanchanads/Documents/Arcangel/trademark-clearance/node_modules/tsx/dist/register-D46fvsV_.cjs:3:1104)
    at Module.load (node:internal/modules/cjs/loader:1469:32)
    at Function._load (node:internal/modules/cjs/loader:1286:12)
    at TracingChannel.traceSync (node:diagnostics_channel:322:14)
    at wrapModuleLoad (node:internal/modules/cjs/loader:235:24)
    at Module.require (node:internal/modules/cjs/loader:1491:12)
    at require (node:internal/modules/helpers:135:16)

Node.js v23.11.0

❌ 2.xml failed to import
⚠️  Continuing with next file...

━━━━━━━━━━━━━━━━━━━━━━━━━━━━━━━━━━━━━━━━━━━━━━━
[27/27] Importing: apc18840407-20251231-89.xml
━━━━━━━━━━━━━━━━━━━━━━━━━━━━━━━━━━━━━━━━━━━━━━━

/Users/kanchanads/Documents/Arcangel/trademark-clearance/db/index.ts:7
  throw new Error('DATABASE_URL is not set');
        ^


Error: DATABASE_URL is not set
    at postgres (/Users/kanchanads/Documents/Arcangel/trademark-clearance/db/index.ts:7:9)
    at Object.<anonymous> (/Users/kanchanads/Documents/Arcangel/trademark-clearance/db/index.ts:19:50)
    at Module._compile (node:internal/modules/cjs/loader:1734:14)
    at Object.transformer (/Users/kanchanads/Documents/Arcangel/trademark-clearance/node_modules/tsx/dist/register-D46fvsV_.cjs:3:1104)
    at Module.load (node:internal/modules/cjs/loader:1469:32)
    at Function._load (node:internal/modules/cjs/loader:1286:12)
    at TracingChannel.traceSync (node:diagnostics_channel:322:14)
    at wrapModuleLoad (node:internal/modules/cjs/loader:235:24)
    at Module.require (node:internal/modules/cjs/loader:1491:12)
    at require (node:internal/modules/helpers:135:16)

Node.js v23.11.0

❌ apc18840407-20251231-89.xml failed to import
⚠️  Continuing with next file...


━━━━━━━━━━━━━━━━━━━━━━━━━━━━━━━━━━━━━━━━━━━━━━━
🎉 Import Complete!
━━━━━━━━━━━━━━━━━━━━━━━━━━━━━━━━━━━━━━━━━━━━━━━

Next steps:
  1. Verify status distribution with: npx tsx scripts/check-status-distribution.ts
  2. Test search functionality

